<?xml version="1.0" encoding="UTF-8"?>
<!-- Generated by org.testng.reporters.JUnitXMLReporter -->
<testsuite ignored="0" hostname="LAPTOP-QLN7PI00" failures="1" tests="5" name="EdgeTest" time="40.046" errors="0" timestamp="2024-12-09T18:50:39 IST">
  <testcase classname="testCases.TC005_End_To_End_Test" name="Verify_CreateRegister_And_PlaceOrder" time="2.853">
    <failure type="java.lang.AssertionError" message="null">
      <![CDATA[java.lang.AssertionError: null
at testCases.TC005_End_To_End_Test.Verify_CreateRegister_And_PlaceOrder(TC005_End_To_End_Test.java:110)
at java.base/java.util.ArrayList.forEach(ArrayList.java:1596)
at java.base/java.util.concurrent.FutureTask.run(FutureTask.java:317)
at java.base/java.util.concurrent.ThreadPoolExecutor.runWorker(ThreadPoolExecutor.java:1144)
at java.base/java.util.concurrent.ThreadPoolExecutor$Worker.run(ThreadPoolExecutor.java:642)
at java.base/java.lang.Thread.run(Thread.java:1583)
... Removed 17 stack frames]]>
    </failure>
  </testcase> <!-- Verify_CreateRegister_And_PlaceOrder -->
  <testcase classname="testCases.TC001_AccountCreation_Test" name="verify_userAccount_creation" time="0.0">
    <skipped/>
  </testcase> <!-- verify_userAccount_creation -->
  <testcase classname="testCases.TC002_Login_Test" name="Verify_Login" time="0.0">
    <skipped/>
  </testcase> <!-- Verify_Login -->
  <testcase classname="testCases.TC004_Online_Payment_Test" name="Verify_Online_Transcation_Details" time="0.001">
    <skipped/>
  </testcase> <!-- Verify_Online_Transcation_Details -->
  <testcase classname="testCases.TC003_Add_Products_To_Carts_Test" name="Verify_Add_Item_T0_Carts" time="0.0">
    <skipped/>
  </testcase> <!-- Verify_Add_Item_T0_Carts -->
</testsuite> <!-- EdgeTest -->
